<?xml version="1.0" encoding="UTF-8"?>
<!-- Generated by org.testng.reporters.JUnitReportReporter -->
<testsuite hostname="DESKTOP-E17TE2U" failures="0" tests="3" name="TestNGKeyWords.TimeOutUse" time="2.033" errors="0" timestamp="2022-06-24T08:37:23 IST" skipped="0">
  <testcase classname="TestNGKeyWords.TimeOutUse" name="myTest1" time="2.025"/>
  <system-out>
    <![CDATA[myTest1 is running]]>
  </system-out>
  <testcase classname="TestNGKeyWords.TimeOutUse" name="myTest2" time="0.004"/>
  <system-out>
    <![CDATA[myTest2 is running]]>
  </system-out>
  <testcase classname="TestNGKeyWords.TimeOutUse" name="myTest3" time="0.004"/>
  <system-out>
    <![CDATA[myTest3 is running]]>
  </system-out>
</testsuite> <!-- TestNGKeyWords.TimeOutUse -->
