<?xml version="1.0" encoding="UTF-8"?>
<!-- Generated by org.testng.reporters.JUnitReportReporter -->
<testsuite hostname="DESKTOP-E17TE2U" failures="0" tests="3" name="TestNGStudy.TestNGKeywordsInvocationCount" time="0.065" errors="0" timestamp="2022-06-22T15:38:03 IST" skipped="0">
  <testcase classname="TestNGStudy.TestNGKeywordsInvocationCount" name="InvocationCount" time="0.002"/>
  <system-out>
    <![CDATA[Hello]]>
  </system-out>
  <testcase classname="TestNGStudy.TestNGKeywordsInvocationCount" name="InvocationCount" time="0.060"/>
  <system-out>
    <![CDATA[Hello]]>
  </system-out>
  <testcase classname="TestNGStudy.TestNGKeywordsInvocationCount" name="InvocationCount" time="0.003"/>
  <system-out>
    <![CDATA[Hello]]>
  </system-out>
</testsuite> <!-- TestNGStudy.TestNGKeywordsInvocationCount -->
