<?xml version="1.0" encoding="UTF-8"?>
<!-- Generated by org.testng.reporters.JUnitReportReporter -->
<testsuite hostname="DESKTOP-E17TE2U" failures="0" tests="2" name="TestNGStudy.MyTestClass" time="56.580" errors="0" timestamp="2022-06-22T14:01:24 IST" skipped="0">
  <testcase classname="TestNGStudy.MyTestClass" name="myMethod1" time="32.422"/>
  <system-out/>
  <testcase classname="TestNGStudy.MyTestClass" name="myMethod" time="24.158"/>
  <system-out/>
</testsuite> <!-- TestNGStudy.MyTestClass -->
