<?xml version="1.0" encoding="UTF-8"?>
<!-- Generated by org.testng.reporters.JUnitReportReporter -->
<testsuite hostname="DESKTOP-E17TE2U" failures="0" tests="2" name="crossBrowsertest.CrossBrowserTesting" time="211.146" errors="0" timestamp="2022-06-29T16:21:49 IST" skipped="0">
  <testcase classname="crossBrowsertest.CrossBrowserTesting" name="myMethod" time="79.150"/>
  <system-out/>
  <testcase classname="crossBrowsertest.CrossBrowserTesting" name="myMethod" time="131.996"/>
  <system-out/>
</testsuite> <!-- crossBrowsertest.CrossBrowserTesting -->
