<?xml version="1.0" encoding="UTF-8"?>
<!-- Generated by org.testng.reporters.JUnitReportReporter -->
<testsuite hostname="DESKTOP-E17TE2U" failures="0" tests="1" name="verificationUsingTestNG.AssertNotNullUse" time="0.025" errors="0" timestamp="2022-06-28T14:16:16 IST" skipped="0">
  <testcase classname="verificationUsingTestNG.AssertNotNullUse" name="myMethod" time="0.025"/>
  <system-out>
    <![CDATA[TC is Passed as value is Not Null]]>
  </system-out>
</testsuite> <!-- verificationUsingTestNG.AssertNotNullUse -->
