<?xml version="1.0" encoding="UTF-8"?>
<!-- Generated by org.testng.reporters.JUnitReportReporter -->
<testsuite hostname="DESKTOP-E17TE2U" failures="0" tests="1" name="TestNGStudy.reporterlogExample" time="0.017" errors="0" timestamp="2022-06-22T13:21:12 IST" skipped="0">
  <testcase classname="TestNGStudy.reporterlogExample" name="f" time="0.017"/>
  <system-out>
    <![CDATA[Hi Good Morning,true]]>
  </system-out>
</testsuite> <!-- TestNGStudy.reporterlogExample -->
