<?xml version="1.0" encoding="UTF-8"?>
<!-- Generated by org.testng.reporters.JUnitReportReporter -->
<testsuite hostname="DESKTOP-E17TE2U" failures="0" tests="1" name="TestNGStudy.Example1TestNG" time="23.744" errors="0" timestamp="2022-06-21T12:17:27 IST" skipped="0">
  <testcase classname="TestNGStudy.Example1TestNG" name="f" time="23.744"/>
  <system-out/>
</testsuite> <!-- TestNGStudy.Example1TestNG -->
