<?xml version="1.0" encoding="UTF-8"?>
<!-- Generated by org.testng.reporters.JUnitReportReporter -->
<testsuite hostname="DESKTOP-E17TE2U" failures="0" tests="3" name="TestNGKeyWords.InvocationCountUse" time="0.022" errors="0" timestamp="2022-06-24T08:28:10 IST" skipped="0">
  <testcase classname="TestNGKeyWords.InvocationCountUse" name="myTest" time="0.007"/>
  <system-out>
    <![CDATA[Hello]]>
  </system-out>
  <testcase classname="TestNGKeyWords.InvocationCountUse" name="myTest" time="0.011"/>
  <system-out>
    <![CDATA[Hello]]>
  </system-out>
  <testcase classname="TestNGKeyWords.InvocationCountUse" name="myTest" time="0.004"/>
  <system-out>
    <![CDATA[Hello]]>
  </system-out>
</testsuite> <!-- TestNGKeyWords.InvocationCountUse -->
