<?xml version="1.0" encoding="UTF-8"?>
<!-- Generated by org.testng.reporters.JUnitReportReporter -->
<testsuite hostname="DESKTOP-E17TE2U" failures="0" tests="3" name="TestNGKeyWords.EnableUse" time="0.024" errors="0" timestamp="2022-06-24T08:32:44 IST" skipped="1">
  <testcase classname="TestNGKeyWords.EnableUse" name="myTest1" time="0.019"/>
  <system-out>
    <![CDATA[myTest1 is running]]>
  </system-out>
  <testcase classname="TestNGKeyWords.EnableUse" name="myTest3" time="0.005"/>
  <system-out>
    <![CDATA[myTest3 is running]]>
  </system-out>
  <testcase classname="TestNGKeyWords.EnableUse" name="myTest2">
    <skipped/>
  </testcase> <!-- myTest2 -->
  <system-out/>
</testsuite> <!-- TestNGKeyWords.EnableUse -->
