<?xml version="1.0" encoding="UTF-8"?>
<!-- Generated by org.testng.reporters.JUnitReportReporter -->
<testsuite hostname="DESKTOP-E17TE2U" failures="0" tests="1" name="kitePOMUsingTestNG.ValidateKiteAppUserName" time="6.856" errors="0" timestamp="2022-07-01T09:02:07 IST" skipped="0">
  <testcase classname="kitePOMUsingTestNG.ValidateKiteAppUserName" name="validateUserName" time="6.856"/>
  <system-out>
    <![CDATA[Validating UserName
Actual and Expected UN are matching TC PASSED]]>
  </system-out>
</testsuite> <!-- kitePOMUsingTestNG.ValidateKiteAppUserName -->
