<?xml version="1.0" encoding="UTF-8"?>
<!-- Generated by org.testng.reporters.JUnitReportReporter -->
<testsuite hostname="DESKTOP-E17TE2U" failures="0" tests="3" name="TestNGKeyWords.PriorityUse" time="0.029" errors="0" timestamp="2022-06-25T13:22:05 IST" skipped="0">
  <testcase classname="TestNGKeyWords.PriorityUse" name="myTest2" time="0.025"/>
  <system-out>
    <![CDATA[myTest2 is running]]>
  </system-out>
  <testcase classname="TestNGKeyWords.PriorityUse" name="myTest1" time="0.002"/>
  <system-out>
    <![CDATA[myTest1 is running]]>
  </system-out>
  <testcase classname="TestNGKeyWords.PriorityUse" name="myTest3" time="0.002"/>
  <system-out>
    <![CDATA[myTest3 is running]]>
  </system-out>
</testsuite> <!-- TestNGKeyWords.PriorityUse -->
