<?xml version="1.0" encoding="UTF-8"?>
<!-- Generated by org.testng.reporters.JUnitReportReporter -->
<testsuite hostname="DESKTOP-E17TE2U" failures="0" tests="1" name="crossBrowsertest.FirefoxTest" time="75.173" errors="0" timestamp="2022-06-29T13:49:11 IST" skipped="0">
  <testcase classname="crossBrowsertest.FirefoxTest" name="myMethod" time="75.173"/>
  <system-out/>
</testsuite> <!-- crossBrowsertest.FirefoxTest -->
